# Logfile created on 2017-04-10 10:39:47 +1000 by logger.rb/47272
D, [2017-04-10T10:39:47.158448 #2012] DEBUG -- : DRAGONFLY: shell command: 'identify' '-ping' '-format' '%m %w %h' '/tmp/dragonfly20170410-2012-r22ozn'
D, [2017-04-10T10:41:08.467480 #2012] DEBUG -- : DRAGONFLY: shell command: 'identify' '-ping' '-format' '%m %w %h' '/tmp/dragonfly20170410-2012-nc0150'
D, [2017-04-10T10:48:54.170896 #2012] DEBUG -- : DRAGONFLY: shell command: 'identify' '-ping' '-format' '%m %w %h' '/tmp/dragonfly20170410-2012-6wfkex'
D, [2017-04-10T10:59:33.947500 #2012] DEBUG -- : DRAGONFLY: shell command: 'identify' '-ping' '-format' '%m %w %h' '/tmp/dragonfly20170410-2012-1v613sq'
D, [2017-04-10T11:00:06.220338 #2012] DEBUG -- : DRAGONFLY: shell command: 'identify' '-ping' '-format' '%m %w %h' '/tmp/dragonfly20170410-2012-1vp96x5'
D, [2017-04-11T16:41:53.860755 #1898] DEBUG -- : DRAGONFLY: shell command: 'identify' '-ping' '-format' '%m %w %h' '/tmp/dragonfly20170411-1898-gqschu'
D, [2017-04-11T17:54:57.676004 #1898] DEBUG -- : DRAGONFLY: shell command: 'identify' '-ping' '-format' '%m %w %h' '/tmp/dragonfly20170411-1898-btz494'
D, [2017-04-11T17:55:44.578321 #7918] DEBUG -- : DRAGONFLY: shell command: 'identify' '-ping' '-format' '%m %w %h' '/tmp/dragonfly20170411-7918-a2tlub'
D, [2017-04-11T18:17:12.026523 #7918] DEBUG -- : DRAGONFLY: shell command: 'identify' '-ping' '-format' '%m %w %h' '/tmp/dragonfly20170411-7918-1afieud'
D, [2017-04-11T18:30:23.754083 #12053] DEBUG -- : DRAGONFLY: shell command: 'identify' '-ping' '-format' '%m %w %h' '/tmp/dragonfly20170411-12053-eoe1w2'
D, [2017-04-11T18:33:19.405889 #12500] DEBUG -- : DRAGONFLY: shell command: 'identify' '-ping' '-format' '%m %w %h' '/tmp/dragonfly20170411-12500-1oh9v3q'
D, [2017-04-11T18:47:57.049711 #877] DEBUG -- : DRAGONFLY: shell command: 'identify' '-ping' '-format' '%m %w %h' '/tmp/dragonfly20170411-877-ys6cwl'
D, [2017-04-11T19:10:11.896380 #11814] DEBUG -- : DRAGONFLY: shell command: 'identify' '-ping' '-format' '%m %w %h' '/tmp/dragonfly20170411-11814-15ks9n'
D, [2017-04-11T19:18:37.123775 #11932] DEBUG -- : DRAGONFLY: shell command: 'identify' '-ping' '-format' '%m %w %h' '/tmp/dragonfly20170411-11932-1plr5dh'
D, [2017-04-11T19:22:50.272742 #11932] DEBUG -- : DRAGONFLY: shell command: 'identify' '-ping' '-format' '%m %w %h' '/tmp/dragonfly20170411-11932-u4zm4m'
D, [2017-04-11T19:25:39.326022 #11932] DEBUG -- : DRAGONFLY: shell command: 'identify' '-ping' '-format' '%m %w %h' '/tmp/dragonfly20170411-11932-w2scjf'
D, [2017-04-12T13:06:08.342244 #27837] DEBUG -- : DRAGONFLY: shell command: 'identify' '-ping' '-format' '%m %w %h' '/tmp/dragonfly20170412-27837-fglwqv'
D, [2017-04-12T16:54:35.835720 #2607] DEBUG -- : DRAGONFLY: shell command: 'identify' '-ping' '-format' '%m %w %h' '/tmp/dragonfly20170412-2607-zevdx1'
D, [2017-04-12T17:02:53.423954 #2607] DEBUG -- : DRAGONFLY: shell command: 'identify' '-ping' '-format' '%m %w %h' '/tmp/dragonfly20170412-2607-66vn5n'
D, [2017-04-12T17:03:41.497436 #2607] DEBUG -- : DRAGONFLY: shell command: 'identify' '-ping' '-format' '%m %w %h' '/tmp/RackMultipart20170412-2607-g0ngi9.jpeg'
D, [2017-04-12T17:03:41.533852 #2607] DEBUG -- : DRAGONFLY: shell command: 'convert' '/tmp/RackMultipart20170412-2607-g0ngi9.jpeg' '-resize' '120x120^^' '-gravity' 'Center' '-crop' '120x120+0+0' '+repage' '/tmp/dragonfly20170412-2607-17pdoub.jpeg'
D, [2017-04-12T17:03:41.639602 #2607] DEBUG -- : DRAGONFLY: shell command: 'identify' '-ping' '-format' '%m %w %h' '/tmp/dragonfly20170412-2607-17pdoub.jpeg'
